Queue is empty!
PID: 3, VPN: 79
TMR so far: 0
Clock so far: 1
PID: 28, VPN: 303
TMR so far: 0
Clock so far: 2
PID: 23, VPN: 303
TMR so far: 0
Clock so far: 3
PID: 45, VPN: 303
TMR so far: 0
Clock so far: 4
PID: 3, VPN: 491334
TMR so far: 1
Clock so far: 2000003
PID: 28, VPN: 491334
TMR so far: 2
Clock so far: 4000003
PID: 23, VPN: 491334
TMR so far: 3
Clock so far: 6000003
PID: 45, VPN: 491334
TMR so far: 4
Clock so far: 8000003
PID: 3, VPN: 524254
TMR so far: 6
Clock so far: 10000004
PID: 28, VPN: 524254
TMR so far: 8
Clock so far: 12000004
PID: 23, VPN: 524254
TMR so far: 10
Clock so far: 14000004
PID: 45, VPN: 524254
TMR so far: 12
Clock so far: 16000004
PID: 3, VPN: 491324
TMR so far: 14
Clock so far: 18000004
PID: 28, VPN: 491324
TMR so far: 16
Clock so far: 20000004
PID: 23, VPN: 491324
TMR so far: 18
Clock so far: 22000004
PID: 45, VPN: 491324
TMR so far: 20
Clock so far: 24000004
PID: 3, VPN: 524255
TMR so far: 24
Clock so far: 26000006
PID: 28, VPN: 524255
TMR so far: 28
Clock so far: 28000006
PID: 23, VPN: 524255
TMR so far: 32
Clock so far: 30000006
PID: 45, VPN: 524255
TMR so far: 36
Clock so far: 32000006
PID: 3, VPN: 521968
TMR so far: 52
Clock so far: 34000018
PID: 28, VPN: 521968
TMR so far: 68
Clock so far: 36000018
PID: 23, VPN: 521968
TMR so far: 84
Clock so far: 38000018
PID: 45, VPN: 521968
TMR so far: 100
Clock so far: 40000018
PID: 3, VPN: 491333
TMR so far: 103
Clock so far: 42000005
PID: 28, VPN: 491333
TMR so far: 106
Clock so far: 44000005
PID: 23, VPN: 491333
TMR so far: 109
Clock so far: 46000005
PID: 45, VPN: 491333
TMR so far: 112
Clock so far: 48000005
PID: 3, VPN: 32
TMR so far: 126
Clock so far: 50000016
PID: 28, VPN: 32
TMR so far: 140
Clock so far: 52000016
PID: 23, VPN: 32
TMR so far: 154
Clock so far: 54000016
PID: 45, VPN: 32
TMR so far: 168
Clock so far: 56000016
PID: 3, VPN: 521969
TMR so far: 173
Clock so far: 58000007
PID: 28, VPN: 521969
TMR so far: 178
Clock so far: 60000007
PID: 23, VPN: 521969
TMR so far: 183
Clock so far: 62000007
PID: 45, VPN: 521969
TMR so far: 188
Clock so far: 64000007
PID: 3, VPN: 1733
TMR so far: 191
Clock so far: 66000005
PID: 28, VPN: 645
TMR so far: 194
Clock so far: 68000005
PID: 23, VPN: 1301
TMR so far: 197
Clock so far: 70000005
PID: 45, VPN: 1445
TMR so far: 200
Clock so far: 72000005
PID: 3, VPN: 1724
TMR so far: 254
Clock so far: 74000056
PID: 28, VPN: 636
TMR so far: 308
Clock so far: 76000056
PID: 23, VPN: 1292
TMR so far: 362
Clock so far: 78000056
PID: 45, VPN: 1436
TMR so far: 416
Clock so far: 80000056
PID: 3, VPN: 1734
TMR so far: 465
Clock so far: 82000051
PID: 28, VPN: 646
TMR so far: 514
Clock so far: 84000051
PID: 23, VPN: 1302
TMR so far: 563
Clock so far: 86000051
PID: 45, VPN: 1446
TMR so far: 612
Clock so far: 88000051
PID: 3, VPN: 131072
TMR so far: 632
Clock so far: 90000022
PID: 28, VPN: 131072
TMR so far: 652
Clock so far: 92000022
PID: 23, VPN: 131072
TMR so far: 672
Clock so far: 94000022
PID: 45, VPN: 131072
TMR so far: 692
Clock so far: 96000022
PID: 3, VPN: 98
TMR so far: 710
Clock so far: 98000020
PID: 28, VPN: 322
TMR so far: 728
Clock so far: 100000020
PID: 23, VPN: 323
TMR so far: 746
Clock so far: 102000020
PID: 45, VPN: 322
TMR so far: 764
Clock so far: 104000020
PID: 3, VPN: 524208
TMR so far: 781
Clock so far: 106000019
PID: 28, VPN: 524208
TMR so far: 798
Clock so far: 108000019
PID: 23, VPN: 524208
TMR so far: 815
Clock so far: 110000019
PID: 45, VPN: 524208
TMR so far: 832
Clock so far: 112000019
PID: 3, VPN: 524225
TMR so far: 862
Clock so far: 114000032
PID: 28, VPN: 323
TMR so far: 872
Clock so far: 116000012
PID: 23, VPN: 524225
TMR so far: 902
Clock so far: 118000032
PID: 45, VPN: 524225
TMR so far: 932
Clock so far: 120000032
PID: 3, VPN: 26704
TMR so far: 973
Clock so far: 122000043
PID: 28, VPN: 524225
TMR so far: 994
Clock so far: 124000023
PID: 23, VPN: 38512
TMR so far: 1035
Clock so far: 126000043
PID: 45, VPN: 35024
TMR so far: 1076
Clock so far: 128000043
PID: 3, VPN: 26705
TMR so far: 1082
Clock so far: 130000008
PID: 28, VPN: 34432
TMR so far: 1124
Clock so far: 132000044
PID: 23, VPN: 38513
TMR so far: 1130
Clock so far: 134000008
PID: 45, VPN: 35025
TMR so far: 1136
Clock so far: 136000008
PID: 3, VPN: 26711
TMR so far: 1142
Clock so far: 138000008
PID: 28, VPN: 34433
TMR so far: 1148
Clock so far: 140000008
PID: 23, VPN: 38519
TMR so far: 1154
Clock so far: 142000008
PID: 45, VPN: 35031
TMR so far: 1160
Clock so far: 144000008
PID: 3, VPN: 26719
TMR so far: 1161
Clock so far: 146000003
PID: 28, VPN: 34439
TMR so far: 1167
Clock so far: 148000008
PID: 23, VPN: 38527
TMR so far: 1168
Clock so far: 150000003
PID: 45, VPN: 35039
TMR so far: 1169
Clock so far: 152000003
PID: 3, VPN: 26720
TMR so far: 1177
Clock so far: 154000010
PID: 28, VPN: 34447
TMR so far: 1178
Clock so far: 156000003
PID: 23, VPN: 38528
TMR so far: 1186
Clock so far: 158000010
PID: 45, VPN: 35040
TMR so far: 1194
Clock so far: 160000010
PID: 3, VPN: 26736
TMR so far: 1260
Clock so far: 162000068
PID: 28, VPN: 34448
TMR so far: 1268
Clock so far: 164000010
PID: 23, VPN: 38544
TMR so far: 1334
Clock so far: 166000068
PID: 45, VPN: 35056
TMR so far: 1400
Clock so far: 168000068
PID: 3, VPN: 26864
TMR so far: 1461
Clock so far: 170000063
PID: 28, VPN: 321
TMR so far: 1462
Clock so far: 172000003
PID: 23, VPN: 38672
TMR so far: 1523
Clock so far: 174000063
PID: 45, VPN: 35184
TMR so far: 1584
Clock so far: 176000063
PID: 3, VPN: 26865
TMR so far: 1631
Clock so far: 178000049
PID: 28, VPN: 34464
TMR so far: 1696
Clock so far: 180000067
PID: 23, VPN: 38673
TMR so far: 1743
Clock so far: 182000049
PID: 45, VPN: 35185
TMR so far: 1790
Clock so far: 184000049
PID: 3, VPN: 26866
TMR so far: 1806
Clock so far: 186000018
PID: 28, VPN: 34592
TMR so far: 1869
Clock so far: 188000065
PID: 23, VPN: 38674
TMR so far: 1885
Clock so far: 190000018
PID: 45, VPN: 35186
TMR so far: 1901
Clock so far: 192000018
PID: 3, VPN: 1725
TMR so far: 1929
Clock so far: 194000030
PID: 28, VPN: 34593
TMR so far: 1976
Clock so far: 196000049
PID: 23, VPN: 1293
TMR so far: 2004
Clock so far: 198000030
PID: 45, VPN: 1437
TMR so far: 2032
Clock so far: 200000030
PID: 3, VPN: 524242
TMR so far: 2110
Clock so far: 202000080
PID: 28, VPN: 34594
TMR so far: 2126
Clock so far: 204000018
PID: 23, VPN: 524242
TMR so far: 2204
Clock so far: 206000080
PID: 45, VPN: 524242
TMR so far: 2282
Clock so far: 208000080
PID: 3, VPN: 491194
TMR so far: 2323
Clock so far: 210000043
PID: 28, VPN: 637
TMR so far: 2351
Clock so far: 212000030
PID: 23, VPN: 491097
TMR so far: 2392
Clock so far: 214000043
PID: 45, VPN: 491097
TMR so far: 2433
Clock so far: 216000043
PID: 3, VPN: 491186
TMR so far: 2435
Clock so far: 218000004
PID: 28, VPN: 524242
TMR so far: 2514
Clock so far: 220000081
PID: 23, VPN: 491091
TMR so far: 2515
Clock so far: 222000003
PID: 45, VPN: 491091
TMR so far: 2516
Clock so far: 224000003
PID: 3, VPN: 491254
TMR so far: 2672
Clock so far: 226000158
PID: 28, VPN: 491097
TMR so far: 2713
Clock so far: 228000043
PID: 23, VPN: 490987
TMR so far: 2719
Clock so far: 230000008
PID: 45, VPN: 490987
TMR so far: 2725
Clock so far: 232000008
PID: 3, VPN: 491253
TMR so far: 2727
Clock so far: 234000004
PID: 28, VPN: 491091
TMR so far: 2728
Clock so far: 236000003
PID: 23, VPN: 491194
TMR so far: 2738
Clock so far: 238000012
PID: 45, VPN: 491194
TMR so far: 2748
Clock so far: 240000012
PID: 3, VPN: 8614
TMR so far: 2780
Clock so far: 242000034
PID: 28, VPN: 490987
TMR so far: 2786
Clock so far: 244000008
PID: 23, VPN: 491186
TMR so far: 2788
Clock so far: 246000004
PID: 45, VPN: 491186
TMR so far: 2790
Clock so far: 248000004
PID: 3, VPN: 27095
TMR so far: 2811
Clock so far: 250000023
PID: 28, VPN: 491194
TMR so far: 2821
Clock so far: 252000012
PID: 23, VPN: 491254
TMR so far: 2977
Clock so far: 254000158
PID: 45, VPN: 491254
TMR so far: 3133
Clock so far: 256000158
PID: 3, VPN: 27952
TMR so far: 3136
Clock so far: 258000005
PID: 28, VPN: 491186
TMR so far: 3138
Clock so far: 260000004
PID: 23, VPN: 491253
TMR so far: 3140
Clock so far: 262000004
PID: 45, VPN: 491253
TMR so far: 3142
Clock so far: 264000004
PID: 3, VPN: 491220
TMR so far: 3145
Clock so far: 266000005
PID: 28, VPN: 491254
TMR so far: 3301
Clock so far: 268000158
PID: 23, VPN: 6390
TMR so far: 3333
Clock so far: 270000034
PID: 45, VPN: 6534
TMR so far: 3365
Clock so far: 272000034
PID: 3, VPN: 27152
TMR so far: 3366
Clock so far: 274000003
PID: 28, VPN: 491253
TMR so far: 3368
Clock so far: 276000004
PID: 23, VPN: 38903
TMR so far: 3389
Clock so far: 278000023
PID: 45, VPN: 35420
TMR so far: 3410
Clock so far: 280000023
PID: 3, VPN: 27072
TMR so far: 3438
Clock so far: 282000030
PID: 28, VPN: 3126
TMR so far: 3470
Clock so far: 284000034
PID: 23, VPN: 39760
TMR so far: 3473
Clock so far: 286000005
PID: 45, VPN: 36272
TMR so far: 3476
Clock so far: 288000005
PID: 3, VPN: 27091
TMR so far: 3513
Clock so far: 290000039
PID: 28, VPN: 34827
TMR so far: 3534
Clock so far: 292000023
PID: 23, VPN: 491220
TMR so far: 3537
Clock so far: 294000005
PID: 45, VPN: 491220
TMR so far: 3540
Clock so far: 296000005
PID: 3, VPN: 27088
TMR so far: 3550
Clock so far: 298000012
PID: 28, VPN: 35680
TMR so far: 3553
Clock so far: 300000005
PID: 23, VPN: 38960
TMR so far: 3554
Clock so far: 302000003
PID: 45, VPN: 35472
TMR so far: 3555
Clock so far: 304000003
PID: 28, VPN: 491220
TMR so far: 3626
Clock so far: 308000005
PID: 23, VPN: 38880
TMR so far: 3654
Clock so far: 310000030
PID: 45, VPN: 35392
TMR so far: 3682
Clock so far: 312000030
PID: 28, VPN: 34880
TMR so far: 3683
Clock so far: 314000003
PID: 23, VPN: 38901
TMR so far: 3720
Clock so far: 316000039
PID: 45, VPN: 35410
TMR so far: 3757
Clock so far: 318000039
PID: 28, VPN: 34800
TMR so far: 3785
Clock so far: 320000030
PID: 23, VPN: 38896
TMR so far: 3795
Clock so far: 322000012
PID: 45, VPN: 35408
TMR so far: 3805
Clock so far: 324000012
PID: 28, VPN: 34821
TMR so far: 3842
Clock so far: 326000039
Queue is empty!
PID: 28, VPN: 34816
TMR so far: 3954
Clock so far: 332000012
TMR is 4000
Average Memory Utilization (AMU): 0.306535
Average Runable Processes (ARP): 0.000012
Total Memory References (TMR): 4000
Total Page Ins (TPI): 167
Running time (clock ticks): 334000058
Running time (sec): 0.334000
